Determining if the pthread_create exist failed with the following output:
Change Dir: /home/cs18/Desktop/PA7-1/PA7/Assignment7/build/CMakeFiles/CMakeTmp

Run Build Command:"/usr/bin/make" "cmTC_b44db/fast"
make[1]: Entering directory '/home/cs18/Desktop/PA7-1/PA7/Assignment7/build/CMakeFiles/CMakeTmp'
/usr/bin/make -f CMakeFiles/cmTC_b44db.dir/build.make CMakeFiles/cmTC_b44db.dir/build
make[2]: Entering directory '/home/cs18/Desktop/PA7-1/PA7/Assignment7/build/CMakeFiles/CMakeTmp'
Building C object CMakeFiles/cmTC_b44db.dir/CheckSymbolExists.c.o
/usr/bin/cc    -o CMakeFiles/cmTC_b44db.dir/CheckSymbolExists.c.o   -c /home/cs18/Desktop/PA7-1/PA7/Assignment7/build/CMakeFiles/CMakeTmp/CheckSymbolExists.c
Linking C executable cmTC_b44db
/usr/bin/cmake -E cmake_link_script CMakeFiles/cmTC_b44db.dir/link.txt --verbose=1
/usr/bin/cc      CMakeFiles/cmTC_b44db.dir/CheckSymbolExists.c.o  -o cmTC_b44db 
CMakeFiles/cmTC_b44db.dir/CheckSymbolExists.c.o: In function `main':
CheckSymbolExists.c:(.text+0x1b): undefined reference to `pthread_create'
collect2: error: ld returned 1 exit status
CMakeFiles/cmTC_b44db.dir/build.make:97: recipe for target 'cmTC_b44db' failed
make[2]: *** [cmTC_b44db] Error 1
make[2]: Leaving directory '/home/cs18/Desktop/PA7-1/PA7/Assignment7/build/CMakeFiles/CMakeTmp'
Makefile:126: recipe for target 'cmTC_b44db/fast' failed
make[1]: *** [cmTC_b44db/fast] Error 2
make[1]: Leaving directory '/home/cs18/Desktop/PA7-1/PA7/Assignment7/build/CMakeFiles/CMakeTmp'

File /home/cs18/Desktop/PA7-1/PA7/Assignment7/build/CMakeFiles/CMakeTmp/CheckSymbolExists.c:
/* */
#include <pthread.h>

int main(int argc, char** argv)
{
  (void)argv;
#ifndef pthread_create
  return ((int*)(&pthread_create))[argc];
#else
  (void)argc;
  return 0;
#endif
}

Determining if the function pthread_create exists in the pthreads failed with the following output:
Change Dir: /home/cs18/Desktop/PA7-1/PA7/Assignment7/build/CMakeFiles/CMakeTmp

Run Build Command:"/usr/bin/make" "cmTC_78ede/fast"
make[1]: Entering directory '/home/cs18/Desktop/PA7-1/PA7/Assignment7/build/CMakeFiles/CMakeTmp'
/usr/bin/make -f CMakeFiles/cmTC_78ede.dir/build.make CMakeFiles/cmTC_78ede.dir/build
make[2]: Entering directory '/home/cs18/Desktop/PA7-1/PA7/Assignment7/build/CMakeFiles/CMakeTmp'
Building C object CMakeFiles/cmTC_78ede.dir/CheckFunctionExists.c.o
/usr/bin/cc   -DCHECK_FUNCTION_EXISTS=pthread_create   -o CMakeFiles/cmTC_78ede.dir/CheckFunctionExists.c.o   -c /usr/share/cmake-3.10/Modules/CheckFunctionExists.c
Linking C executable cmTC_78ede
/usr/bin/cmake -E cmake_link_script CMakeFiles/cmTC_78ede.dir/link.txt --verbose=1
/usr/bin/cc  -DCHECK_FUNCTION_EXISTS=pthread_create    CMakeFiles/cmTC_78ede.dir/CheckFunctionExists.c.o  -o cmTC_78ede -lpthreads 
/usr/bin/ld: cannot find -lpthreads
collect2: error: ld returned 1 exit status
CMakeFiles/cmTC_78ede.dir/build.make:97: recipe for target 'cmTC_78ede' failed
make[2]: *** [cmTC_78ede] Error 1
make[2]: Leaving directory '/home/cs18/Desktop/PA7-1/PA7/Assignment7/build/CMakeFiles/CMakeTmp'
Makefile:126: recipe for target 'cmTC_78ede/fast' failed
make[1]: *** [cmTC_78ede/fast] Error 2
make[1]: Leaving directory '/home/cs18/Desktop/PA7-1/PA7/Assignment7/build/CMakeFiles/CMakeTmp'


